TN:
SF:app.js
FN:17,(anonymous_0)
FN:45,(anonymous_1)
FNF:2
FNH:1
FNDA:1,(anonymous_0)
FNDA:0,(anonymous_1)
DA:1,1
DA:2,1
DA:3,1
DA:4,1
DA:5,1
DA:6,1
DA:8,1
DA:10,1
DA:13,1
DA:14,1
DA:17,1
DA:18,1
DA:19,1
DA:27,0
DA:31,1
DA:32,1
DA:35,1
DA:38,1
DA:41,1
DA:44,1
DA:45,0
LF:21
LH:19
BRDA:10,0,0,1
BRDA:10,0,1,0
BRDA:18,1,0,1
BRDA:18,1,1,0
BRDA:18,2,0,1
BRDA:18,2,1,1
BRDA:18,2,2,1
BRDA:44,3,0,0
BRDA:44,3,1,1
BRF:9
BRH:6
end_of_record
TN:
SF:controllers\postsController.js
FN:6,(anonymous_0)
FN:24,(anonymous_1)
FN:50,(anonymous_2)
FN:91,(anonymous_3)
FN:133,(anonymous_4)
FN:160,(anonymous_5)
FNF:6
FNH:6
FNDA:4,(anonymous_0)
FNDA:6,(anonymous_1)
FNDA:8,(anonymous_2)
FNDA:4,(anonymous_3)
FNDA:4,(anonymous_4)
FNDA:8,(anonymous_5)
DA:2,2
DA:3,2
DA:6,2
DA:7,4
DA:10,4
DA:12,4
DA:14,4
DA:24,2
DA:25,6
DA:28,6
DA:29,2
DA:32,4
DA:35,4
DA:37,4
DA:38,2
DA:41,2
DA:50,2
DA:51,8
DA:54,8
DA:55,8
DA:56,8
DA:57,8
DA:59,8
DA:60,2
DA:68,6
DA:69,2
DA:72,4
DA:73,2
DA:76,2
DA:79,2
DA:81,2
DA:91,2
DA:92,4
DA:93,4
DA:96,4
DA:97,1
DA:101,3
DA:102,3
DA:103,3
DA:104,3
DA:106,3
DA:107,0
DA:114,3
DA:117,3
DA:119,3
DA:120,1
DA:123,2
DA:133,2
DA:134,4
DA:137,4
DA:138,1
DA:141,3
DA:144,3
DA:146,3
DA:147,1
DA:150,2
DA:160,2
DA:161,8
DA:163,8
DA:164,2
DA:167,6
DA:168,2
DA:171,4
DA:174,4
DA:176,4
LF:65
LH:64
BRDA:28,0,0,2
BRDA:28,0,1,4
BRDA:28,1,0,6
BRDA:28,1,1,6
BRDA:37,2,0,2
BRDA:37,2,1,2
BRDA:55,3,0,0
BRDA:55,3,1,8
BRDA:56,4,0,2
BRDA:56,4,1,6
BRDA:57,5,0,2
BRDA:57,5,1,6
BRDA:59,6,0,2
BRDA:59,6,1,6
BRDA:68,7,0,2
BRDA:68,7,1,4
BRDA:72,8,0,2
BRDA:72,8,1,2
BRDA:96,9,0,1
BRDA:96,9,1,3
BRDA:96,10,0,4
BRDA:96,10,1,4
BRDA:102,11,0,0
BRDA:102,11,1,3
BRDA:103,12,0,0
BRDA:103,12,1,3
BRDA:104,13,0,0
BRDA:104,13,1,3
BRDA:106,14,0,0
BRDA:106,14,1,3
BRDA:119,15,0,1
BRDA:119,15,1,2
BRDA:137,16,0,1
BRDA:137,16,1,3
BRDA:137,17,0,4
BRDA:137,17,1,4
BRDA:146,18,0,1
BRDA:146,18,1,2
BRDA:163,19,0,2
BRDA:163,19,1,6
BRDA:167,20,0,2
BRDA:167,20,1,4
BRF:42
BRH:37
end_of_record
TN:
SF:middleware\errorHandler.js
FN:4,(anonymous_0)
FN:16,(anonymous_1)
FN:121,(anonymous_2)
FN:127,(anonymous_3)
FN:128,(anonymous_4)
FNF:5
FNH:4
FNDA:18,(anonymous_0)
FNDA:12,(anonymous_1)
FNDA:0,(anonymous_2)
FNDA:12,(anonymous_3)
FNDA:34,(anonymous_4)
DA:5,18
DA:6,18
DA:7,18
DA:8,18
DA:9,18
DA:11,18
DA:16,2
DA:17,12
DA:20,12
DA:21,12
DA:22,12
DA:23,12
DA:24,12
DA:25,12
DA:26,12
DA:39,12
DA:42,12
DA:43,0
DA:45,0
DA:46,0
DA:47,0
DA:52,0
DA:54,0
DA:55,0
DA:56,0
DA:61,0
DA:63,0
DA:64,0
DA:65,0
DA:70,0
DA:72,0
DA:73,0
DA:74,0
DA:78,0
DA:82,0
DA:83,0
DA:84,0
DA:88,0
DA:90,0
DA:91,0
DA:92,0
DA:101,12
DA:110,12
DA:111,12
DA:112,12
DA:113,0
DA:117,12
DA:121,2
DA:122,0
DA:123,0
DA:127,2
DA:128,12
DA:129,34
DA:133,2
LF:54
LH:27
BRDA:4,0,0,12
BRDA:7,1,0,18
BRDA:7,1,1,0
BRDA:17,2,0,0
BRDA:42,3,0,0
BRDA:42,3,1,12
BRDA:43,4,0,0
BRDA:43,4,1,0
BRDA:43,4,2,0
BRDA:43,4,3,0
BRDA:43,4,4,0
BRDA:43,4,5,0
BRDA:43,4,6,0
BRDA:43,4,7,0
BRDA:110,5,0,12
BRDA:110,5,1,0
BRDA:110,6,0,12
BRDA:110,6,1,12
BRDA:111,7,0,5
BRDA:111,7,1,7
BRDA:112,8,0,0
BRDA:112,8,1,12
BRF:22
BRH:9
end_of_record
TN:
SF:models\postModel.js
FN:9,(anonymous_0)
FN:27,(anonymous_1)
FN:47,(anonymous_2)
FN:64,(anonymous_3)
FN:78,(anonymous_4)
FN:89,(anonymous_5)
FNF:6
FNH:6
FNDA:4,(anonymous_0)
FNDA:6,(anonymous_1)
FNDA:4,(anonymous_2)
FNDA:4,(anonymous_3)
FNDA:4,(anonymous_4)
FNDA:8,(anonymous_5)
DA:2,3
DA:9,3
DA:10,4
DA:11,4
DA:12,4
DA:13,4
DA:14,4
DA:16,0
DA:17,0
DA:27,3
DA:28,6
DA:29,6
DA:30,6
DA:31,6
DA:32,6
DA:34,0
DA:35,0
DA:47,3
DA:48,4
DA:52,4
DA:64,3
DA:65,4
DA:69,4
DA:78,3
DA:79,4
DA:80,4
DA:89,3
DA:90,8
DA:94,8
DA:100,3
LF:30
LH:26
BRDA:31,0,0,2
BRDA:31,0,1,4
BRF:2
BRH:2
end_of_record
TN:
SF:routes\postsRoutes.js
FNF:0
FNH:0
DA:1,1
DA:2,1
DA:9,1
DA:20,1
DA:38,1
DA:57,1
DA:85,1
DA:119,1
DA:136,1
DA:138,1
LF:10
LH:10
BRF:0
BRH:0
end_of_record
